e:\injection\cppinjection\x64\release\cppinjection.pch
e:\injection\cppinjection\x64\release\vc143.pdb
e:\injection\cppinjection\x64\release\pch.obj
e:\injection\cppinjection\x64\release\cppinjection.ipdb
e:\injection\cppinjection\x64\release\cppinjection.iobj
e:\injection\cppinjection\x64\release\cppinjection.dll
e:\injection\cppinjection\x64\release\cppinjection.pdb
e:\injection\backup-cpp\cppinjection\x64\release\pch.obj
e:\injection\backup-cpp\cppinjection\x64\release\cppinjection.ipdb
e:\injection\backup-cpp\cppinjection\x64\release\cppinjection.iobj
e:\injection\backup-cpp\cppinjection\x64\release\cppinjection.pch
e:\injection\backup-cpp\cppinjection\x64\release\cppinjection.pdb
e:\injection\backup-cpp\cppinjection\x64\release\vc143.pdb
e:\injection\backup-cpp\cppinjection\x64\release\cppinjection.dll
e:\injection\backup-cpp\cppinjection\x64\release\cppinjection.tlog\cl.command.1.tlog
e:\injection\backup-cpp\cppinjection\x64\release\cppinjection.tlog\cl.read.1.tlog
e:\injection\backup-cpp\cppinjection\x64\release\cppinjection.tlog\cl.write.1.tlog
e:\injection\backup-cpp\cppinjection\x64\release\cppinjection.tlog\link.command.1.tlog
e:\injection\backup-cpp\cppinjection\x64\release\cppinjection.tlog\link.read.1.tlog
e:\injection\backup-cpp\cppinjection\x64\release\cppinjection.tlog\link.write.1.tlog
e:\injection\backup-cpp\cppinjection\x64\release\cppinjection.tlog\link.write.2u.tlog
